15:09:32 **** Rebuild of configuration Debug for project PA_Project_2122 ****
Info: Internal Builder is used for build
g++ -O0 -g3 -Wall -c -fmessage-length=0 -o "src\\Gestore\\Gestore.o" "..\\src\\Gestore\\Gestore.cpp" 
g++ -O0 -g3 -Wall -c -fmessage-length=0 -o "src\\Utente\\Studente.o" "..\\src\\Utente\\Studente.cpp" 
g++ -O0 -g3 -Wall -c -fmessage-length=0 -o "src\\Menu\\Menu.o" "..\\src\\Menu\\Menu.cpp" 
g++ -O0 -g3 -Wall -c -fmessage-length=0 -o "src\\Menu\\MenuCompleto.o" "..\\src\\Menu\\MenuCompleto.cpp" 
g++ -O0 -g3 -Wall -c -fmessage-length=0 -o "src\\Menu\\MenuSecondo.o" "..\\src\\Menu\\MenuSecondo.cpp" 
g++ -O0 -g3 -Wall -c -fmessage-length=0 -o "src\\Utente\\Utente.o" "..\\src\\Utente\\Utente.cpp" 
g++ -O0 -g3 -Wall -c -fmessage-length=0 -o "src\\PA_Project_2122.o" "..\\src\\PA_Project_2122.cpp" 
g++ -O0 -g3 -Wall -c -fmessage-length=0 -o "src\\Gestore\\Stampe.o" "..\\src\\Gestore\\Stampe.cpp" 
g++ -O0 -g3 -Wall -c -fmessage-length=0 -o "src\\Utente\\Professore.o" "..\\src\\Utente\\Professore.cpp" 
g++ -O0 -g3 -Wall -c -fmessage-length=0 -o "src\\Menu\\MenuPrimo.o" "..\\src\\Menu\\MenuPrimo.cpp" 
g++ -o PA_Project_2122.exe "src\\Gestore\\Gestore.o" "src\\Gestore\\Stampe.o" "src\\Menu\\Menu.o" "src\\Menu\\MenuCompleto.o" "src\\Menu\\MenuPrimo.o" "src\\Menu\\MenuSecondo.o" "src\\PA_Project_2122.o" "src\\Utente\\Professore.o" "src\\Utente\\Studente.o" "src\\Utente\\Utente.o" 
Info: Nothing to build for PA_Project_2122
15:12:39 **** Incremental Build of configuration Debug for project PA_Project_2122 ****
Info: Internal Builder is used for build
g++ -O0 -g3 -Wall -c -fmessage-length=0 -o "src\\PA_Project_2122.o" "..\\src\\PA_Project_2122.cpp" 
g++ -o PA_Project_2122.exe "src\\Gestore\\Gestore.o" "src\\Gestore\\Stampe.o" "src\\Menu\\Menu.o" "src\\Menu\\MenuCompleto.o" "src\\Menu\\MenuPrimo.o" "src\\Menu\\MenuSecondo.o" "src\\PA_Project_2122.o" "src\\Utente\\Professore.o" "src\\Utente\\Studente.o" "src\\Utente\\Utente.o" 
15:13:20 **** Incremental Build of configuration Debug for project PA_Project_2122 ****
Info: Internal Builder is used for build
g++ -O0 -g3 -Wall -c -fmessage-length=0 -o "src\\PA_Project_2122.o" "..\\src\\PA_Project_2122.cpp" 
g++ -o PA_Project_2122.exe "src\\Gestore\\Gestore.o" "src\\Gestore\\Stampe.o" "src\\Menu\\Menu.o" "src\\Menu\\MenuCompleto.o" "src\\Menu\\MenuPrimo.o" "src\\Menu\\MenuSecondo.o" "src\\PA_Project_2122.o" "src\\Utente\\Professore.o" "src\\Utente\\Studente.o" "src\\Utente\\Utente.o" 
15:13:33 **** Incremental Build of configuration Debug for project PA_Project_2122 ****
Info: Internal Builder is used for build
g++ -O0 -g3 -Wall -c -fmessage-length=0 -o "src\\PA_Project_2122.o" "..\\src\\PA_Project_2122.cpp" 
g++ -o PA_Project_2122.exe "src\\Gestore\\Gestore.o" "src\\Gestore\\Stampe.o" "src\\Menu\\Menu.o" "src\\Menu\\MenuCompleto.o" "src\\Menu\\MenuPrimo.o" "src\\Menu\\MenuSecondo.o" "src\\PA_Project_2122.o" "src\\Utente\\Professore.o" "src\\Utente\\Studente.o" "src\\Utente\\Utente.o" 
15:55:10 **** Incremental Build of configuration Debug for project PA_Project_2122 ****
Info: Internal Builder is used for build
g++ -O0 -g3 -Wall -c -fmessage-length=0 -o "src\\Gestore\\Stampe.o" "..\\src\\Gestore\\Stampe.cpp" 
In file included from ..\src\Gestore\Stampe.cpp:13:0:
..\src\Gestore\Stampe.h:14:23: fatal error: Menu/Menu.h: No such file or directory
 #include <Menu/Menu.h>
                       ^
compilation terminated.
15:55:24 **** Incremental Build of configuration Debug for project PA_Project_2122 ****
Info: Internal Builder is used for build
g++ -O0 -g3 -Wall -c -fmessage-length=0 -o "src\\Gestore\\Stampe.o" "..\\src\\Gestore\\Stampe.cpp" 
In file included from ..\src\Gestore\Stampe.cpp:13:0:
..\src\Gestore\Stampe.h:14:23: fatal error: Menu/Menu.h: No such file or directory
 #include <Menu/Menu.h>
                       ^
compilation terminated.
15:56:29 **** Incremental Build of configuration Debug for project PA_Project_2122 ****
Info: Internal Builder is used for build
g++ -O0 -g3 -Wall -c -fmessage-length=0 -o "src\\Gestore\\Stampe.o" "..\\src\\Gestore\\Stampe.cpp" 
In file included from ..\src\Gestore\Stampe.cpp:13:0:
..\src\Gestore\Stampe.h:14:23: fatal error: Menu/Menu.h: No such file or directory
 #include <Menu/Menu.h>
                       ^
compilation terminated.
15:57:46 **** Incremental Build of configuration Debug for project PA_Project_2122 ****
Info: Internal Builder is used for build
g++ -O0 -g3 -Wall -c -fmessage-length=0 -o "src\\Gestore\\Stampe.o" "..\\src\\Gestore\\Stampe.cpp" 
In file included from ..\src\Gestore\Stampe.cpp:13:0:
..\src\Gestore\Stampe.h:14:23: fatal error: Menu/Menu.h: No such file or directory
 #include <Menu/Menu.h>
                       ^
compilation terminated.
15:58:01 **** Incremental Build of configuration Debug for project PA_Project_2122 ****
Info: Internal Builder is used for build
g++ -O0 -g3 -Wall -c -fmessage-length=0 -o "src\\Gestore\\Stampe.o" "..\\src\\Gestore\\Stampe.cpp" 
In file included from ..\src\Gestore\Stampe.cpp:13:0:
..\src\Gestore\Stampe.h:14:23: fatal error: Menu/Menu.h: No such file or directory
 #include <Menu/Menu.h>
                       ^
compilation terminated.
15:58:11 **** Incremental Build of configuration Debug for project PA_Project_2122 ****
Info: Internal Builder is used for build
g++ -O0 -g3 -Wall -c -fmessage-length=0 -o "src\\PA_Project_2122.o" "..\\src\\PA_Project_2122.cpp" 
..\src\PA_Project_2122.cpp:14:29: fatal error: Gestore/Gestore.h: No such file or directory
 #include <Gestore/Gestore.h>
                             ^
compilation terminated.
15:59:20 **** Incremental Build of configuration Debug for project PA_Project_2122 ****
Info: Internal Builder is used for build
g++ -O0 -g3 -Wall -c -fmessage-length=0 -o "src\\gestore\\Stampe.o" "..\\src\\gestore\\Stampe.cpp" 
In file included from ..\src\gestore\Stampe.cpp:8:0:
..\src\gestore\Stampe.h:14:33: fatal error: c:\users\matte\eclipse_uni\eclipse-info3-2021-06\mingw\lib\gcc\mingw32\6.3.0\include\c++\"..\menu\menuprimo.h": Invalid argument
 #include <"../Menu/MenuPrimo.h">
                                 ^
compilation terminated.
15:59:55 **** Incremental Build of configuration Debug for project PA_Project_2122 ****
Info: Internal Builder is used for build
g++ -O0 -g3 -Wall -c -fmessage-length=0 -o "src\\gestore\\Stampe.o" "..\\src\\gestore\\Stampe.cpp" 
g++ -O0 -g3 -Wall -c -fmessage-length=0 -o "src\\gestore\\Gestore.o" "..\\src\\gestore\\Gestore.cpp" 
g++ -O0 -g3 -Wall -c -fmessage-length=0 -o "src\\menu\\MenuCompleto.o" "..\\src\\menu\\MenuCompleto.cpp" 
g++ -O0 -g3 -Wall -c -fmessage-length=0 -o "src\\menu\\MenuPrimo.o" "..\\src\\menu\\MenuPrimo.cpp" 
g++ -O0 -g3 -Wall -c -fmessage-length=0 -o "src\\PA_Project_2122.o" "..\\src\\PA_Project_2122.cpp" 
g++ -O0 -g3 -Wall -c -fmessage-length=0 -o "src\\menu\\MenuSecondo.o" "..\\src\\menu\\MenuSecondo.cpp" 
g++ -O0 -g3 -Wall -c -fmessage-length=0 -o "src\\utente\\Professore.o" "..\\src\\utente\\Professore.cpp" 
g++ -O0 -g3 -Wall -c -fmessage-length=0 -o "src\\utente\\Studente.o" "..\\src\\utente\\Studente.cpp" 
g++ -O0 -g3 -Wall -c -fmessage-length=0 -o "src\\menu\\Menu.o" "..\\src\\menu\\Menu.cpp" 
g++ -O0 -g3 -Wall -c -fmessage-length=0 -o "src\\utente\\Utente.o" "..\\src\\utente\\Utente.cpp" 
g++ -o PA_Project_2122.exe "src\\PA_Project_2122.o" "src\\gestore\\Gestore.o" "src\\gestore\\Stampe.o" "src\\menu\\Menu.o" "src\\menu\\MenuCompleto.o" "src\\menu\\MenuPrimo.o" "src\\menu\\MenuSecondo.o" "src\\utente\\Professore.o" "src\\utente\\Studente.o" "src\\utente\\Utente.o" 
c:/users/matte/eclipse_uni/eclipse-info3-2021-06/mingw/bin/../lib/gcc/mingw32/6.3.0/../../../../mingw32/bin/ld.exe: cannot open output file PA_Project_2122.exe: Permission denied
collect2.exe: error: ld returned 1 exit status
16:00:33 **** Incremental Build of configuration Debug for project PA_Project_2122 ****
Info: Internal Builder is used for build
g++ -o PA_Project_2122.exe "src\\PA_Project_2122.o" "src\\gestore\\Gestore.o" "src\\gestore\\Stampe.o" "src\\menu\\Menu.o" "src\\menu\\MenuCompleto.o" "src\\menu\\MenuPrimo.o" "src\\menu\\MenuSecondo.o" "src\\utente\\Professore.o" "src\\utente\\Studente.o" "src\\utente\\Utente.o" 
c:/users/matte/eclipse_uni/eclipse-info3-2021-06/mingw/bin/../lib/gcc/mingw32/6.3.0/../../../../mingw32/bin/ld.exe: cannot open output file PA_Project_2122.exe: Permission denied
collect2.exe: error: ld returned 1 exit status
16:00:35 **** Incremental Build of configuration Debug for project PA_Project_2122 ****
Info: Internal Builder is used for build
g++ -o PA_Project_2122.exe "src\\PA_Project_2122.o" "src\\gestore\\Gestore.o" "src\\gestore\\Stampe.o" "src\\menu\\Menu.o" "src\\menu\\MenuCompleto.o" "src\\menu\\MenuPrimo.o" "src\\menu\\MenuSecondo.o" "src\\utente\\Professore.o" "src\\utente\\Studente.o" "src\\utente\\Utente.o" 
c:/users/matte/eclipse_uni/eclipse-info3-2021-06/mingw/bin/../lib/gcc/mingw32/6.3.0/../../../../mingw32/bin/ld.exe: cannot open output file PA_Project_2122.exe: Permission denied
collect2.exe: error: ld returned 1 exit status
16:03:41 **** Incremental Build of configuration Debug for project PA_Project_2122 ****
Info: Internal Builder is used for build
g++ -O0 -g3 -Wall -c -fmessage-length=0 -o "src\\main.o" "..\\src\\main.cpp" 
g++ -o PA_Project_2122.exe "src\\gestore\\Gestore.o" "src\\gestore\\Stampe.o" "src\\main.o" "src\\menu\\Menu.o" "src\\menu\\MenuCompleto.o" "src\\menu\\MenuPrimo.o" "src\\menu\\MenuSecondo.o" "src\\utente\\Professore.o" "src\\utente\\Studente.o" "src\\utente\\Utente.o" 
c:/users/matte/eclipse_uni/eclipse-info3-2021-06/mingw/bin/../lib/gcc/mingw32/6.3.0/../../../../mingw32/bin/ld.exe: cannot open output file PA_Project_2122.exe: Permission denied
collect2.exe: error: ld returned 1 exit status
16:03:50 **** Incremental Build of configuration Debug for project PA_Project_2122 ****
Info: Internal Builder is used for build
g++ -o PA_Project_2122.exe "src\\gestore\\Gestore.o" "src\\gestore\\Stampe.o" "src\\main.o" "src\\menu\\Menu.o" "src\\menu\\MenuCompleto.o" "src\\menu\\MenuPrimo.o" "src\\menu\\MenuSecondo.o" "src\\utente\\Professore.o" "src\\utente\\Studente.o" "src\\utente\\Utente.o" 
c:/users/matte/eclipse_uni/eclipse-info3-2021-06/mingw/bin/../lib/gcc/mingw32/6.3.0/../../../../mingw32/bin/ld.exe: cannot open output file PA_Project_2122.exe: Permission denied
collect2.exe: error: ld returned 1 exit status
16:05:47 **** Incremental Build of configuration Debug for project PA_Project_2122 ****
Info: Internal Builder is used for build
g++ -o PA_Project_2122.exe "src\\gestore\\Gestore.o" "src\\gestore\\Stampe.o" "src\\main.o" "src\\menu\\Menu.o" "src\\menu\\MenuCompleto.o" "src\\menu\\MenuPrimo.o" "src\\menu\\MenuSecondo.o" "src\\utente\\Professore.o" "src\\utente\\Studente.o" "src\\utente\\Utente.o" 
c:/users/matte/eclipse_uni/eclipse-info3-2021-06/mingw/bin/../lib/gcc/mingw32/6.3.0/../../../../mingw32/bin/ld.exe: cannot open output file PA_Project_2122.exe: Permission denied
collect2.exe: error: ld returned 1 exit status
16:05:48 **** Rebuild of configuration Debug for project PA_Project_21_22 ****
Info: Internal Builder is used for build
g++ -O0 -g3 -Wall -c -fmessage-length=0 -o "src\\menu\\Menu.o" "..\\src\\menu\\Menu.cpp" 
g++ -O0 -g3 -Wall -c -fmessage-length=0 -o "src\\gestore\\Gestore.o" "..\\src\\gestore\\Gestore.cpp" 
g++ -O0 -g3 -Wall -c -fmessage-length=0 -o "src\\gestore\\Stampe.o" "..\\src\\gestore\\Stampe.cpp" 
g++ -O0 -g3 -Wall -c -fmessage-length=0 -o "src\\PA_Project_21_22.o" "..\\src\\PA_Project_21_22.cpp" 
g++ -O0 -g3 -Wall -c -fmessage-length=0 -o "src\\menu\\MenuSecondo.o" "..\\src\\menu\\MenuSecondo.cpp" 
g++ -O0 -g3 -Wall -c -fmessage-length=0 -o "src\\utente\\Professore.o" "..\\src\\utente\\Professore.cpp" 
g++ -O0 -g3 -Wall -c -fmessage-length=0 -o "src\\utente\\Studente.o" "..\\src\\utente\\Studente.cpp" 
g++ -O0 -g3 -Wall -c -fmessage-length=0 -o "src\\menu\\MenuCompleto.o" "..\\src\\menu\\MenuCompleto.cpp" 
g++ -O0 -g3 -Wall -c -fmessage-length=0 -o "src\\menu\\MenuPrimo.o" "..\\src\\menu\\MenuPrimo.cpp" 
g++ -O0 -g3 -Wall -c -fmessage-length=0 -o "src\\utente\\Utente.o" "..\\src\\utente\\Utente.cpp" 
g++ -o PA_Project_21_22.exe "src\\PA_Project_21_22.o" "src\\gestore\\Gestore.o" "src\\gestore\\Stampe.o" "src\\menu\\Menu.o" "src\\menu\\MenuCompleto.o" "src\\menu\\MenuPrimo.o" "src\\menu\\MenuSecondo.o" "src\\utente\\Professore.o" "src\\utente\\Studente.o" "src\\utente\\Utente.o" 
src\gestore\Gestore.o: In function `ZN7GestoreC2Ev':
C:\Scuola\unibg\magistrale\I anno\I semestre\PA - programmazione avanzata\PA_Project_2122\PA_Project_21_22\Debug/../src/gestore/Gestore.cpp:23: undefined reference to `Gestore::init()'
collect2.exe: error: ld returned 1 exit status
16:06:53 **** Incremental Build of configuration Debug for project PA_Project_2122 ****
Info: Internal Builder is used for build
g++ -o PA_Project_2122.exe "src\\gestore\\Gestore.o" "src\\gestore\\Stampe.o" "src\\main.o" "src\\menu\\Menu.o" "src\\menu\\MenuCompleto.o" "src\\menu\\MenuPrimo.o" "src\\menu\\MenuSecondo.o" "src\\utente\\Professore.o" "src\\utente\\Studente.o" "src\\utente\\Utente.o" 
c:/users/matte/eclipse_uni/eclipse-info3-2021-06/mingw/bin/../lib/gcc/mingw32/6.3.0/../../../../mingw32/bin/ld.exe: cannot open output file PA_Project_2122.exe: Permission denied
collect2.exe: error: ld returned 1 exit status
16:06:53 **** Incremental Build of configuration Debug for project PA_Project_21_22 ****
Info: Internal Builder is used for build
g++ -O0 -g3 -Wall -c -fmessage-length=0 -o "src\\gestore\\Gestore.o" "..\\src\\gestore\\Gestore.cpp" 
g++ -o PA_Project_21_22.exe "src\\PA_Project_21_22.o" "src\\gestore\\Gestore.o" "src\\gestore\\Stampe.o" "src\\menu\\Menu.o" "src\\menu\\MenuCompleto.o" "src\\menu\\MenuPrimo.o" "src\\menu\\MenuSecondo.o" "src\\utente\\Professore.o" "src\\utente\\Studente.o" "src\\utente\\Utente.o" 
Info: Nothing to build for PA_Project_21_22
Info: Nothing to build for PA_Project_21_22
16:09:30 **** Incremental Build of configuration Debug for project PA_Project_21_22 ****
Info: Internal Builder is used for build
g++ -O0 -g3 -Wall -c -fmessage-length=0 -o "src\\PA_Project_21_22.o" "..\\src\\PA_Project_21_22.cpp" 
g++ -o PA_Project_21_22.exe "src\\PA_Project_21_22.o" "src\\gestore\\Gestore.o" "src\\gestore\\Stampe.o" "src\\menu\\Menu.o" "src\\menu\\MenuCompleto.o" "src\\menu\\MenuPrimo.o" "src\\menu\\MenuSecondo.o" "src\\utente\\Professore.o" "src\\utente\\Studente.o" "src\\utente\\Utente.o" 
Info: Nothing to build for PA_Project_21_22
Info: Nothing to build for PA_Project_21_22
Info: Nothing to build for PA_Project_21_22
18:20:56 **** Incremental Build of configuration Debug for project PA_Project_21_22 ****
Info: Internal Builder is used for build
g++ -O0 -g3 -Wall -c -fmessage-length=0 -o "src\\utente\\Utente.o" "..\\src\\utente\\Utente.cpp" 
g++ -o PA_Project_21_22.exe "src\\PA_Project_21_22.o" "src\\gestore\\Gestore.o" "src\\gestore\\Stampe.o" "src\\menu\\Menu.o" "src\\menu\\MenuCompleto.o" "src\\menu\\MenuPrimo.o" "src\\menu\\MenuSecondo.o" "src\\utente\\Professore.o" "src\\utente\\Studente.o" "src\\utente\\Utente.o" 
18:23:54 **** Incremental Build of configuration Debug for project PA_Project_21_22 ****
Info: Internal Builder is used for build
g++ -O0 -g3 -Wall -c -fmessage-length=0 -o "src\\utente\\Studente.o" "..\\src\\utente\\Studente.cpp" 
g++ -o PA_Project_21_22.exe "src\\PA_Project_21_22.o" "src\\gestore\\Gestore.o" "src\\gestore\\Stampe.o" "src\\menu\\Menu.o" "src\\menu\\MenuCompleto.o" "src\\menu\\MenuPrimo.o" "src\\menu\\MenuSecondo.o" "src\\utente\\Professore.o" "src\\utente\\Studente.o" "src\\utente\\Utente.o" 
18:30:04 **** Incremental Build of configuration Debug for project PA_Project_21_22 ****
Info: Internal Builder is used for build
g++ -O0 -g3 -Wall -c -fmessage-length=0 -o "src\\utente\\Professore.o" "..\\src\\utente\\Professore.cpp" 
g++ -o PA_Project_21_22.exe "src\\PA_Project_21_22.o" "src\\gestore\\Gestore.o" "src\\gestore\\Stampe.o" "src\\menu\\Menu.o" "src\\menu\\MenuCompleto.o" "src\\menu\\MenuPrimo.o" "src\\menu\\MenuSecondo.o" "src\\utente\\Professore.o" "src\\utente\\Studente.o" "src\\utente\\Utente.o" 
Info: Nothing to build for PA_Project_21_22
18:31:21 **** Incremental Build of configuration Debug for project PA_Project_21_22 ****
Info: Internal Builder is used for build
g++ -O0 -g3 -Wall -c -fmessage-length=0 -o "src\\PA_Project_21_22.o" "..\\src\\PA_Project_21_22.cpp" 
g++ -o PA_Project_21_22.exe "src\\PA_Project_21_22.o" "src\\gestore\\Gestore.o" "src\\gestore\\Stampe.o" "src\\menu\\Menu.o" "src\\menu\\MenuCompleto.o" "src\\menu\\MenuPrimo.o" "src\\menu\\MenuSecondo.o" "src\\utente\\Professore.o" "src\\utente\\Studente.o" "src\\utente\\Utente.o" 
21:25:47 **** Incremental Build of configuration Debug for project PA_Project_21_22 ****
Info: Internal Builder is used for build
g++ -O0 -g3 -Wall -c -fmessage-length=0 -o "src\\utente\\Professore.o" "..\\src\\utente\\Professore.cpp" 
g++ -O0 -g3 -Wall -c -fmessage-length=0 -o "src\\utente\\Studente.o" "..\\src\\utente\\Studente.cpp" 
..\src\utente\Studente.cpp: In destructor 'virtual Studente::~Studente()':
..\src\utente\Studente.cpp:39:56: error: 'std::__cxx11::string Utente::nome' is private within this context
  cout << "Elimino studente " + codice_studente + " " + nome + " " + cognome + "\n";
                                                        ^~~~
In file included from ..\src\utente\Studente.h:20:0,
                 from ..\src\utente\Studente.cpp:17:
..\src\utente\Utente.h:31:9: note: declared private here
  string nome;
         ^~~~
..\src\utente\Studente.cpp:39:69: error: 'std::__cxx11::string Utente::cognome' is private within this context
  cout << "Elimino studente " + codice_studente + " " + nome + " " + cognome + "\n";
                                                                     ^~~~~~~
In file included from ..\src\utente\Studente.h:20:0,
                 from ..\src\utente\Studente.cpp:17:
..\src\utente\Utente.h:33:9: note: declared private here
  string cognome;
         ^~~~~~~
21:26:13 **** Incremental Build of configuration Debug for project PA_Project_21_22 ****
Info: Internal Builder is used for build
g++ -O0 -g3 -Wall -c -fmessage-length=0 -o "src\\utente\\Studente.o" "..\\src\\utente\\Studente.cpp" 
g++ -o PA_Project_21_22.exe "src\\PA_Project_21_22.o" "src\\gestore\\Gestore.o" "src\\gestore\\Stampe.o" "src\\menu\\Menu.o" "src\\menu\\MenuCompleto.o" "src\\menu\\MenuPrimo.o" "src\\menu\\MenuSecondo.o" "src\\utente\\Professore.o" "src\\utente\\Studente.o" "src\\utente\\Utente.o" 
21:30:07 **** Incremental Build of configuration Debug for project PA_Project_21_22 ****
Info: Internal Builder is used for build
g++ -O0 -g3 -Wall -c -fmessage-length=0 -o "src\\utente\\Utente.o" "..\\src\\utente\\Utente.cpp" 
g++ -o PA_Project_21_22.exe "src\\PA_Project_21_22.o" "src\\gestore\\Gestore.o" "src\\gestore\\Stampe.o" "src\\menu\\Menu.o" "src\\menu\\MenuCompleto.o" "src\\menu\\MenuPrimo.o" "src\\menu\\MenuSecondo.o" "src\\utente\\Professore.o" "src\\utente\\Studente.o" "src\\utente\\Utente.o" 
21:31:46 **** Incremental Build of configuration Debug for project PA_Project_21_22 ****
Info: Internal Builder is used for build
g++ -O0 -g3 -Wall -c -fmessage-length=0 -o "src\\utente\\Utente.o" "..\\src\\utente\\Utente.cpp" 
g++ -o PA_Project_21_22.exe "src\\PA_Project_21_22.o" "src\\gestore\\Gestore.o" "src\\gestore\\Stampe.o" "src\\menu\\Menu.o" "src\\menu\\MenuCompleto.o" "src\\menu\\MenuPrimo.o" "src\\menu\\MenuSecondo.o" "src\\utente\\Professore.o" "src\\utente\\Studente.o" "src\\utente\\Utente.o" 
21:34:44 **** Incremental Build of configuration Debug for project PA_Project_21_22 ****
Info: Internal Builder is used for build
g++ -O0 -g3 -Wall -c -fmessage-length=0 -o "src\\utente\\Professore.o" "..\\src\\utente\\Professore.cpp" 
g++ -O0 -g3 -Wall -c -fmessage-length=0 -o "src\\utente\\Utente.o" "..\\src\\utente\\Utente.cpp" 
g++ -O0 -g3 -Wall -c -fmessage-length=0 -o "src\\utente\\Studente.o" "..\\src\\utente\\Studente.cpp" 
g++ -o PA_Project_21_22.exe "src\\PA_Project_21_22.o" "src\\gestore\\Gestore.o" "src\\gestore\\Stampe.o" "src\\menu\\Menu.o" "src\\menu\\MenuCompleto.o" "src\\menu\\MenuPrimo.o" "src\\menu\\MenuSecondo.o" "src\\utente\\Professore.o" "src\\utente\\Studente.o" "src\\utente\\Utente.o" 
22:12:30 **** Incremental Build of configuration Debug for project PA_Project_21_22 ****
Info: Internal Builder is used for build
g++ -O0 -g3 -Wall -c -fmessage-length=0 -o "src\\gestore\\Stampe.o" "..\\src\\gestore\\Stampe.cpp" 
g++ -O0 -g3 -Wall -c -fmessage-length=0 -o "src\\PA_Project_21_22.o" "..\\src\\PA_Project_21_22.cpp" 
g++ -O0 -g3 -Wall -c -fmessage-length=0 -o "src\\gestore\\Gestore.o" "..\\src\\gestore\\Gestore.cpp" 
g++ -o PA_Project_21_22.exe "src\\PA_Project_21_22.o" "src\\gestore\\Gestore.o" "src\\gestore\\Stampe.o" "src\\menu\\Menu.o" "src\\menu\\MenuCompleto.o" "src\\menu\\MenuPrimo.o" "src\\menu\\MenuSecondo.o" "src\\utente\\Professore.o" "src\\utente\\Studente.o" "src\\utente\\Utente.o" 
src\gestore\Gestore.o:Gestore.cpp:(.bss+0x0): multiple definition of `MyMap[abi:cxx11]'
src\PA_Project_21_22.o:PA_Project_21_22.cpp:(.bss+0x0): first defined here
src\gestore\Stampe.o:Stampe.cpp:(.bss+0x0): multiple definition of `MyMap[abi:cxx11]'
src\PA_Project_21_22.o:C:\Scuola\unibg\magistrale\I anno\I semestre\PA - programmazione avanzata\PA_Project_2122\PA_Project_21_22\Debug/../src/PA_Project_21_22.cpp:19: first defined here
collect2.exe: error: ld returned 1 exit status
22:13:02 **** Incremental Build of configuration Debug for project PA_Project_21_22 ****
Info: Internal Builder is used for build
g++ -O0 -g3 -Wall -c -fmessage-length=0 -o "src\\gestore\\Stampe.o" "..\\src\\gestore\\Stampe.cpp" 
g++ -O0 -g3 -Wall -c -fmessage-length=0 -o "src\\gestore\\Gestore.o" "..\\src\\gestore\\Gestore.cpp" 
g++ -O0 -g3 -Wall -c -fmessage-length=0 -o "src\\PA_Project_21_22.o" "..\\src\\PA_Project_21_22.cpp" 
g++ -o PA_Project_21_22.exe "src\\PA_Project_21_22.o" "src\\gestore\\Gestore.o" "src\\gestore\\Stampe.o" "src\\menu\\Menu.o" "src\\menu\\MenuCompleto.o" "src\\menu\\MenuPrimo.o" "src\\menu\\MenuSecondo.o" "src\\utente\\Professore.o" "src\\utente\\Studente.o" "src\\utente\\Utente.o" 
src\gestore\Gestore.o:Gestore.cpp:(.bss+0x0): multiple definition of `MyMap[abi:cxx11]'
src\PA_Project_21_22.o:PA_Project_21_22.cpp:(.bss+0x0): first defined here
src\gestore\Stampe.o:Stampe.cpp:(.bss+0x0): multiple definition of `MyMap[abi:cxx11]'
src\PA_Project_21_22.o:C:\Scuola\unibg\magistrale\I anno\I semestre\PA - programmazione avanzata\PA_Project_2122\PA_Project_21_22\Debug/../src/PA_Project_21_22.cpp:19: first defined here
collect2.exe: error: ld returned 1 exit status
22:14:01 **** Incremental Build of configuration Debug for project PA_Project_21_22 ****
Info: Internal Builder is used for build
g++ -O0 -g3 -Wall -c -fmessage-length=0 -o "src\\gestore\\Gestore.o" "..\\src\\gestore\\Gestore.cpp" 
g++ -O0 -g3 -Wall -c -fmessage-length=0 -o "src\\PA_Project_21_22.o" "..\\src\\PA_Project_21_22.cpp" 
g++ -O0 -g3 -Wall -c -fmessage-length=0 -o "src\\gestore\\Stampe.o" "..\\src\\gestore\\Stampe.cpp" 
g++ -o PA_Project_21_22.exe "src\\PA_Project_21_22.o" "src\\gestore\\Gestore.o" "src\\gestore\\Stampe.o" "src\\menu\\Menu.o" "src\\menu\\MenuCompleto.o" "src\\menu\\MenuPrimo.o" "src\\menu\\MenuSecondo.o" "src\\utente\\Professore.o" "src\\utente\\Studente.o" "src\\utente\\Utente.o" 
src\gestore\Gestore.o:Gestore.cpp:(.bss+0x0): multiple definition of `mapOra[abi:cxx11]'
src\PA_Project_21_22.o:PA_Project_21_22.cpp:(.bss+0x0): first defined here
src\gestore\Stampe.o:Stampe.cpp:(.bss+0x0): multiple definition of `mapOra[abi:cxx11]'
src\PA_Project_21_22.o:C:\Scuola\unibg\magistrale\I anno\I semestre\PA - programmazione avanzata\PA_Project_2122\PA_Project_21_22\Debug/../src/PA_Project_21_22.cpp:19: first defined here
collect2.exe: error: ld returned 1 exit status
22:19:12 **** Incremental Build of configuration Debug for project PA_Project_21_22 ****
Info: Internal Builder is used for build
g++ -O0 -g3 -Wall -c -fmessage-length=0 -o "src\\gestore\\Stampe.o" "..\\src\\gestore\\Stampe.cpp" 
g++ -O0 -g3 -Wall -c -fmessage-length=0 -o "src\\PA_Project_21_22.o" "..\\src\\PA_Project_21_22.cpp" 
g++ -O0 -g3 -Wall -c -fmessage-length=0 -o "src\\gestore\\Gestore.o" "..\\src\\gestore\\Gestore.cpp" 
g++ -o PA_Project_21_22.exe "src\\PA_Project_21_22.o" "src\\gestore\\Gestore.o" "src\\gestore\\Stampe.o" "src\\menu\\Menu.o" "src\\menu\\MenuCompleto.o" "src\\menu\\MenuPrimo.o" "src\\menu\\MenuSecondo.o" "src\\utente\\Professore.o" "src\\utente\\Studente.o" "src\\utente\\Utente.o" 
22:32:09 **** Incremental Build of configuration Debug for project PA_Project_21_22 ****
Info: Internal Builder is used for build
g++ -O0 -g3 -Wall -c -fmessage-length=0 -o "src\\gestore\\Gestore.o" "..\\src\\gestore\\Gestore.cpp" 
g++ -O0 -g3 -Wall -c -fmessage-length=0 -o "src\\PA_Project_21_22.o" "..\\src\\PA_Project_21_22.cpp" 
g++ -O0 -g3 -Wall -c -fmessage-length=0 -o "src\\gestore\\Stampe.o" "..\\src\\gestore\\Stampe.cpp" 
g++ -O0 -g3 -Wall -c -fmessage-length=0 -o "src\\menu\\Menu.o" "..\\src\\menu\\Menu.cpp" 
..\src\menu\Menu.cpp:21:6: error: multiple definition of 'enum Orario'
 enum Orario : int {
      ^~~~~~
In file included from ..\src\menu\Menu.cpp:17:0:
..\src\menu\Menu.h:22:6: note: previous definition here
 enum Orario : int {};
      ^~~~~~
..\src\menu\Menu.cpp:25:1: error: prototype for 'int Menu::mapInit(std::map<Orario, std::__cxx11::basic_string<char> >)' does not match any in class 'Menu'
 Menu::mapInit(map<Orario, string> mapOra){
 ^~~~
In file included from ..\src\menu\Menu.cpp:17:0:
..\src\menu\Menu.h:50:14: error: candidate is: static void Menu::mapInit(std::map<Orario, std::__cxx11::basic_string<char> >)
  static void mapInit(map<Orario, string> mapOra);
              ^~~~~~~
22:34:05 **** Incremental Build of configuration Debug for project PA_Project_21_22 ****
Info: Internal Builder is used for build
g++ -O0 -g3 -Wall -c -fmessage-length=0 -o "src\\gestore\\Gestore.o" "..\\src\\gestore\\Gestore.cpp" 
g++ -O0 -g3 -Wall -c -fmessage-length=0 -o "src\\PA_Project_21_22.o" "..\\src\\PA_Project_21_22.cpp" 
g++ -O0 -g3 -Wall -c -fmessage-length=0 -o "src\\menu\\Menu.o" "..\\src\\menu\\Menu.cpp" 
g++ -O0 -g3 -Wall -c -fmessage-length=0 -o "src\\gestore\\Stampe.o" "..\\src\\gestore\\Stampe.cpp" 
g++ -o PA_Project_21_22.exe "src\\PA_Project_21_22.o" "src\\gestore\\Gestore.o" "src\\gestore\\Stampe.o" "src\\menu\\Menu.o" "src\\menu\\MenuCompleto.o" "src\\menu\\MenuPrimo.o" "src\\menu\\MenuSecondo.o" "src\\utente\\Professore.o" "src\\utente\\Studente.o" "src\\utente\\Utente.o" 
22:34:31 **** Incremental Build of configuration Debug for project PA_Project_21_22 ****
Info: Internal Builder is used for build
g++ -O0 -g3 -Wall -c -fmessage-length=0 -o "src\\gestore\\Stampe.o" "..\\src\\gestore\\Stampe.cpp" 
In file included from ..\src\gestore\Stampe.h:14:0,
                 from ..\src\gestore\Stampe.cpp:8:
..\src\gestore\../menu/Menu.h: In static member function 'static void Menu::mapInit(std::map<Orario, std::__cxx11::basic_string<char> >)':
..\src\gestore\../menu/Menu.h:53:20: warning: left operand of comma operator has no effect [-Wunused-value]
   (Orario::pranzo, "Pranzo");
                    ^~~~~~~~
..\src\gestore\../menu/Menu.h:54:18: warning: left operand of comma operator has no effect [-Wunused-value]
   (Orario::cena, "Cena");
                  ^~~~~~
g++ -O0 -g3 -Wall -c -fmessage-length=0 -o "src\\menu\\Menu.o" "..\\src\\menu\\Menu.cpp" 
In file included from ..\src\menu\Menu.cpp:17:0:
..\src\menu\Menu.h: In static member function 'static void Menu::mapInit(std::map<Orario, std::__cxx11::basic_string<char> >)':
..\src\menu\Menu.h:53:20: warning: left operand of comma operator has no effect [-Wunused-value]
   (Orario::pranzo, "Pranzo");
                    ^~~~~~~~
..\src\menu\Menu.h:54:18: warning: left operand of comma operator has no effect [-Wunused-value]
   (Orario::cena, "Cena");
                  ^~~~~~
g++ -O0 -g3 -Wall -c -fmessage-length=0 -o "src\\PA_Project_21_22.o" "..\\src\\PA_Project_21_22.cpp" 
In file included from ..\src\gestore/Gestore.h:14:0,
                 from ..\src\PA_Project_21_22.cpp:15:
..\src\gestore/../menu/Menu.h: In static member function 'static void Menu::mapInit(std::map<Orario, std::__cxx11::basic_string<char> >)':
..\src\gestore/../menu/Menu.h:53:20: warning: left operand of comma operator has no effect [-Wunused-value]
   (Orario::pranzo, "Pranzo");
                    ^~~~~~~~
..\src\gestore/../menu/Menu.h:54:18: warning: left operand of comma operator has no effect [-Wunused-value]
   (Orario::cena, "Cena");
                  ^~~~~~
g++ -O0 -g3 -Wall -c -fmessage-length=0 -o "src\\gestore\\Gestore.o" "..\\src\\gestore\\Gestore.cpp" 
In file included from ..\src\gestore\Gestore.h:14:0,
                 from ..\src\gestore\Gestore.cpp:8:
..\src\gestore\../menu/Menu.h: In static member function 'static void Menu::mapInit(std::map<Orario, std::__cxx11::basic_string<char> >)':
..\src\gestore\../menu/Menu.h:53:20: warning: left operand of comma operator has no effect [-Wunused-value]
   (Orario::pranzo, "Pranzo");
                    ^~~~~~~~
..\src\gestore\../menu/Menu.h:54:18: warning: left operand of comma operator has no effect [-Wunused-value]
   (Orario::cena, "Cena");
                  ^~~~~~
g++ -o PA_Project_21_22.exe "src\\PA_Project_21_22.o" "src\\gestore\\Gestore.o" "src\\gestore\\Stampe.o" "src\\menu\\Menu.o" "src\\menu\\MenuCompleto.o" "src\\menu\\MenuPrimo.o" "src\\menu\\MenuSecondo.o" "src\\utente\\Professore.o" "src\\utente\\Studente.o" "src\\utente\\Utente.o" 
22:46:08 **** Incremental Build of configuration Debug for project PA_Project_21_22 ****
Info: Internal Builder is used for build
g++ -O0 -g3 -Wall -c -fmessage-length=0 -o "src\\PA_Project_21_22.o" "..\\src\\PA_Project_21_22.cpp" 
In file included from ..\src\gestore/Gestore.h:14:0,
                 from ..\src\PA_Project_21_22.cpp:15:
..\src\gestore/../menu/Menu.h:19:20: fatal error: Utente.h: No such file or directory
 #include "Utente.h"
                    ^
compilation terminated.
22:46:39 **** Incremental Build of configuration Debug for project PA_Project_21_22 ****
Info: Internal Builder is used for build
g++ -O0 -g3 -Wall -c -fmessage-length=0 -o "src\\PA_Project_21_22.o" "..\\src\\PA_Project_21_22.cpp" 
In file included from ..\src\gestore/Gestore.h:14:0,
                 from ..\src\PA_Project_21_22.cpp:15:
..\src\gestore/../menu/Menu.h:19:20: fatal error: Utente.h: No such file or directory
 #include "Utente.h"
                    ^
compilation terminated.
22:46:49 **** Incremental Build of configuration Debug for project PA_Project_21_22 ****
Info: Internal Builder is used for build
g++ -O0 -g3 -Wall -c -fmessage-length=0 -o "src\\PA_Project_21_22.o" "..\\src\\PA_Project_21_22.cpp" 
In file included from ..\src\gestore/Gestore.h:14:0,
                 from ..\src\PA_Project_21_22.cpp:15:
..\src\gestore/../menu/Menu.h:19:20: fatal error: Utente.h: No such file or directory
 #include "Utente.h"
                    ^
compilation terminated.
22:47:21 **** Incremental Build of configuration Debug for project PA_Project_21_22 ****
Info: Internal Builder is used for build
g++ -O0 -g3 -Wall -c -fmessage-length=0 -o "src\\gestore\\Gestore.o" "..\\src\\gestore\\Gestore.cpp" 
In file included from ..\src\gestore\Gestore.h:14:0,
                 from ..\src\gestore\Gestore.cpp:8:
..\src\gestore\../menu/Menu.h:19:27: fatal error: utente\Utente.h: No such file or directory
 #include "utente\Utente.h"
                           ^
compilation terminated.
22:47:44 **** Incremental Build of configuration Debug for project PA_Project_21_22 ****
Info: Internal Builder is used for build
g++ -O0 -g3 -Wall -c -fmessage-length=0 -o "src\\PA_Project_21_22.o" "..\\src\\PA_Project_21_22.cpp" 
In file included from ..\src\gestore/Gestore.h:14:0,
                 from ..\src\PA_Project_21_22.cpp:15:
..\src\gestore/../menu/Menu.h:19:27: fatal error: utente/Utente.h: No such file or directory
 #include "utente/Utente.h"
                           ^
compilation terminated.
22:47:58 **** Incremental Build of configuration Debug for project PA_Project_21_22 ****
Info: Internal Builder is used for build
g++ -O0 -g3 -Wall -c -fmessage-length=0 -o "src\\gestore\\Gestore.o" "..\\src\\gestore\\Gestore.cpp" 
In file included from ..\src\gestore\Gestore.h:14:0,
                 from ..\src\gestore\Gestore.cpp:8:
..\src\gestore\../menu/Menu.h:42:2: error: default argument missing for parameter 3 of 'Menu::Menu(utente_ref, int, time_t, Orario)'
  Menu(utente_ref u, int prezzo=0 , time_t data, Orario o);
  ^~~~
..\src\gestore\../menu/Menu.h:42:2: error: default argument missing for parameter 4 of 'Menu::Menu(utente_ref, int, time_t, Orario)'
22:49:00 **** Incremental Build of configuration Debug for project PA_Project_21_22 ****
Info: Internal Builder is used for build
g++ -O0 -g3 -Wall -c -fmessage-length=0 -o "src\\gestore\\Stampe.o" "..\\src\\gestore\\Stampe.cpp" 
g++ -O0 -g3 -Wall -c -fmessage-length=0 -o "src\\menu\\Menu.o" "..\\src\\menu\\Menu.cpp" 
..\src\menu\Menu.cpp: In member function 'virtual time_t Menu::get_data()':
..\src\menu\Menu.cpp:35:25: warning: no return statement in function returning non-void [-Wreturn-type]
 time_t Menu::get_data(){}
                         ^
..\src\menu\Menu.cpp: In member function 'virtual Orario Menu::get_ora()':
..\src\menu\Menu.cpp:39:24: warning: no return statement in function returning non-void [-Wreturn-type]
 Orario Menu::get_ora(){}
                        ^
..\src\menu\Menu.cpp: In member function 'virtual std::__cxx11::string Menu::get_string()':
..\src\menu\Menu.cpp:45:27: warning: no return statement in function returning non-void [-Wreturn-type]
 string Menu::get_string(){}
                           ^
g++ -O0 -g3 -Wall -c -fmessage-length=0 -o "src\\gestore\\Gestore.o" "..\\src\\gestore\\Gestore.cpp" 
g++ -O0 -g3 -Wall -c -fmessage-length=0 -o "src\\PA_Project_21_22.o" "..\\src\\PA_Project_21_22.cpp" 
g++ -o PA_Project_21_22.exe "src\\PA_Project_21_22.o" "src\\gestore\\Gestore.o" "src\\gestore\\Stampe.o" "src\\menu\\Menu.o" "src\\menu\\MenuCompleto.o" "src\\menu\\MenuPrimo.o" "src\\menu\\MenuSecondo.o" "src\\utente\\Professore.o" "src\\utente\\Studente.o" "src\\utente\\Utente.o" 
22:51:20 **** Incremental Build of configuration Debug for project PA_Project_21_22 ****
Info: Internal Builder is used for build
g++ -O0 -g3 -Wall -c -fmessage-length=0 -o "src\\gestore\\Gestore.o" "..\\src\\gestore\\Gestore.cpp" 
g++ -O0 -g3 -Wall -c -fmessage-length=0 -o "src\\menu\\Menu.o" "..\\src\\menu\\Menu.cpp" 
..\src\menu\Menu.cpp: In member function 'virtual std::__cxx11::string Menu::get_ora()':
..\src\menu\Menu.cpp:49:1: warning: no return statement in function returning non-void [-Wreturn-type]
 }
 ^
..\src\menu\Menu.cpp: In member function 'virtual std::__cxx11::string Menu::get_string()':
..\src\menu\Menu.cpp:55:27: warning: no return statement in function returning non-void [-Wreturn-type]
 string Menu::get_string(){}
                           ^
g++ -O0 -g3 -Wall -c -fmessage-length=0 -o "src\\PA_Project_21_22.o" "..\\src\\PA_Project_21_22.cpp" 
g++ -O0 -g3 -Wall -c -fmessage-length=0 -o "src\\gestore\\Stampe.o" "..\\src\\gestore\\Stampe.cpp" 
g++ -o PA_Project_21_22.exe "src\\PA_Project_21_22.o" "src\\gestore\\Gestore.o" "src\\gestore\\Stampe.o" "src\\menu\\Menu.o" "src\\menu\\MenuCompleto.o" "src\\menu\\MenuPrimo.o" "src\\menu\\MenuSecondo.o" "src\\utente\\Professore.o" "src\\utente\\Studente.o" "src\\utente\\Utente.o" 
22:58:39 **** Incremental Build of configuration Debug for project PA_Project_21_22 ****
Info: Internal Builder is used for build
g++ -O0 -g3 -Wall -c -fmessage-length=0 -o "src\\utente\\Studente.o" "..\\src\\utente\\Studente.cpp" 
g++ -O0 -g3 -Wall -c -fmessage-length=0 -o "src\\utente\\Professore.o" "..\\src\\utente\\Professore.cpp" 
g++ -O0 -g3 -Wall -c -fmessage-length=0 -o "src\\utente\\Utente.o" "..\\src\\utente\\Utente.cpp" 
g++ -O0 -g3 -Wall -c -fmessage-length=0 -o "src\\menu\\Menu.o" "..\\src\\menu\\Menu.cpp" 
..\src\menu\Menu.cpp: In member function 'virtual std::__cxx11::string Menu::get_string()':
..\src\menu\Menu.cpp:57:1: warning: no return statement in function returning non-void [-Wreturn-type]
 }
 ^
g++ -o PA_Project_21_22.exe "src\\PA_Project_21_22.o" "src\\gestore\\Gestore.o" "src\\gestore\\Stampe.o" "src\\menu\\Menu.o" "src\\menu\\MenuCompleto.o" "src\\menu\\MenuPrimo.o" "src\\menu\\MenuSecondo.o" "src\\utente\\Professore.o" "src\\utente\\Studente.o" "src\\utente\\Utente.o" 
22:59:56 **** Incremental Build of configuration Debug for project PA_Project_21_22 ****
Info: Internal Builder is used for build
g++ -O0 -g3 -Wall -c -fmessage-length=0 -o "src\\menu\\Menu.o" "..\\src\\menu\\Menu.cpp" 
..\src\menu\Menu.cpp: In member function 'virtual std::__cxx11::string Menu::get_string()':
..\src\menu\Menu.cpp:56:15: error: aggregate 'std::stringstream streamer' has incomplete type and cannot be defined
  stringstream streamer;
               ^~~~~~~~
23:00:20 **** Incremental Build of configuration Debug for project PA_Project_21_22 ****
Info: Internal Builder is used for build
g++ -O0 -g3 -Wall -c -fmessage-length=0 -o "src\\menu\\Menu.o" "..\\src\\menu\\Menu.cpp" 
..\src\menu\Menu.cpp: In member function 'virtual std::__cxx11::string Menu::get_string()':
..\src\menu\Menu.cpp:56:15: error: aggregate 'std::stringstream streamer' has incomplete type and cannot be defined
  stringstream streamer;
               ^~~~~~~~
..\src\menu\Menu.cpp:60:1: warning: no return statement in function returning non-void [-Wreturn-type]
 }
 ^
23:00:37 **** Incremental Build of configuration Debug for project PA_Project_21_22 ****
Info: Internal Builder is used for build
g++ -O0 -g3 -Wall -c -fmessage-length=0 -o "src\\menu\\Menu.o" "..\\src\\menu\\Menu.cpp" 
..\src\menu\Menu.cpp: In member function 'virtual std::__cxx11::string Menu::get_string()':
..\src\menu\Menu.cpp:60:2: error: expected ';' before 'return'
  return streamer.str();
  ^~~~~~
..\src\menu\Menu.cpp:61:1: warning: no return statement in function returning non-void [-Wreturn-type]
 }
 ^
23:01:11 **** Incremental Build of configuration Debug for project PA_Project_21_22 ****
Info: Internal Builder is used for build
g++ -O0 -g3 -Wall -c -fmessage-length=0 -o "src\\menu\\Menu.o" "..\\src\\menu\\Menu.cpp" 
..\src\menu\Menu.cpp: In member function 'virtual std::__cxx11::string Menu::get_string()':
..\src\menu\Menu.cpp:60:2: error: expected ';' before 'return'
  return streamer.str();
  ^~~~~~
..\src\menu\Menu.cpp:61:1: warning: no return statement in function returning non-void [-Wreturn-type]
 }
 ^
23:01:20 **** Incremental Build of configuration Debug for project PA_Project_21_22 ****
Info: Internal Builder is used for build
g++ -O0 -g3 -Wall -c -fmessage-length=0 -o "src\\menu\\Menu.o" "..\\src\\menu\\Menu.cpp" 
g++ -o PA_Project_21_22.exe "src\\PA_Project_21_22.o" "src\\gestore\\Gestore.o" "src\\gestore\\Stampe.o" "src\\menu\\Menu.o" "src\\menu\\MenuCompleto.o" "src\\menu\\MenuPrimo.o" "src\\menu\\MenuSecondo.o" "src\\utente\\Professore.o" "src\\utente\\Studente.o" "src\\utente\\Utente.o" 
23:04:03 **** Incremental Build of configuration Debug for project PA_Project_21_22 ****
Info: Internal Builder is used for build
g++ -O0 -g3 -Wall -c -fmessage-length=0 -o "src\\menu\\Menu.o" "..\\src\\menu\\Menu.cpp" 
g++ -o PA_Project_21_22.exe "src\\PA_Project_21_22.o" "src\\gestore\\Gestore.o" "src\\gestore\\Stampe.o" "src\\menu\\Menu.o" "src\\menu\\MenuCompleto.o" "src\\menu\\MenuPrimo.o" "src\\menu\\MenuSecondo.o" "src\\utente\\Professore.o" "src\\utente\\Studente.o" "src\\utente\\Utente.o" 
23:05:08 **** Incremental Build of configuration Debug for project PA_Project_21_22 ****
Info: Internal Builder is used for build
g++ -O0 -g3 -Wall -c -fmessage-length=0 -o "src\\menu\\Menu.o" "..\\src\\menu\\Menu.cpp" 
g++ -o PA_Project_21_22.exe "src\\PA_Project_21_22.o" "src\\gestore\\Gestore.o" "src\\gestore\\Stampe.o" "src\\menu\\Menu.o" "src\\menu\\MenuCompleto.o" "src\\menu\\MenuPrimo.o" "src\\menu\\MenuSecondo.o" "src\\utente\\Professore.o" "src\\utente\\Studente.o" "src\\utente\\Utente.o" 
Info: Nothing to build for PA_Project_21_22
17:35:03 **** Rebuild of configuration Debug for project PA_Project_21_22 ****
Info: Internal Builder is used for build
g++ -O0 -g3 -Wall -c -fmessage-length=0 -o "src\\utente\\Studente.o" "..\\src\\utente\\Studente.cpp" 
g++ -O0 -g3 -Wall -c -fmessage-length=0 -o "src\\gestore\\Gestore.o" "..\\src\\gestore\\Gestore.cpp" 
In file included from ..\src\gestore\Gestore.h:14:0,
                 from ..\src\gestore\Gestore.cpp:8:
..\src\gestore\../menu/Menu.h: In member function 'std::__cxx11::string Menu::getStringFromEnum(Orario)':
..\src\gestore\../menu/Menu.h:55:9: error: 'pranzo' is not a member of 'Orario'
   if(o==Orario::pranzo){
         ^~~~~~
..\src\gestore\../menu/Menu.h:57:17: error: 'cena' is not a member of 'Orario'
   } else if (o==Orario::cena){
                 ^~~~~~
17:36:00 **** Incremental Build of configuration Debug for project PA_Project_21_22 ****
Info: Internal Builder is used for build
g++ -O0 -g3 -Wall -c -fmessage-length=0 -o "src\\menu\\Menu.o" "..\\src\\menu\\Menu.cpp" 
In file included from ..\src\menu\Menu.cpp:18:0:
..\src\menu\Menu.h: In member function 'std::__cxx11::string Menu::getStringFromEnum(Orario)':
..\src\menu\Menu.h:55:9: error: 'pranzo' is not a member of 'Orario'
   if(o==Orario::pranzo){
         ^~~~~~
..\src\menu\Menu.h:57:17: error: 'cena' is not a member of 'Orario'
   } else if (o==Orario::cena){
                 ^~~~~~
..\src\menu\Menu.cpp: At global scope:
..\src\menu\Menu.cpp:23:15: error: underlying type mismatch in enum 'enum Orario'
 enum Orario : int {
               ^~~
In file included from ..\src\menu\Menu.cpp:18:0:
..\src\menu\Menu.h:25:6: error: previous definition here
 enum Orario{};
      ^~~~~~
..\src\menu\Menu.h: In member function 'std::__cxx11::string Menu::getStringFromEnum(Orario)':
..\src\menu\Menu.h:62:2: warning: control reaches end of non-void function [-Wreturn-type]
  }
  ^
17:36:16 **** Incremental Build of configuration Debug for project PA_Project_21_22 ****
Info: Internal Builder is used for build
g++ -O0 -g3 -Wall -c -fmessage-length=0 -o "src\\gestore\\Stampe.o" "..\\src\\gestore\\Stampe.cpp" 
In file included from ..\src\gestore\Stampe.h:14:0,
                 from ..\src\gestore\Stampe.cpp:8:
..\src\gestore\../menu/Menu.h: In member function 'std::__cxx11::string Menu::getStringFromEnum(Orario)':
..\src\gestore\../menu/Menu.h:55:9: error: 'pranzo' is not a member of 'Orario'
   if(o==Orario::pranzo){
         ^~~~~~
..\src\gestore\../menu/Menu.h:57:17: error: 'cena' is not a member of 'Orario'
   } else if (o==Orario::cena){
                 ^~~~~~
17:37:07 **** Incremental Build of configuration Debug for project PA_Project_21_22 ****
Info: Internal Builder is used for build
g++ -O0 -g3 -Wall -c -fmessage-length=0 -o "src\\PA_Project_21_22.o" "..\\src\\PA_Project_21_22.cpp" 
g++ -O0 -g3 -Wall -c -fmessage-length=0 -o "src\\gestore\\Gestore.o" "..\\src\\gestore\\Gestore.cpp" 
g++ -O0 -g3 -Wall -c -fmessage-length=0 -o "src\\gestore\\Stampe.o" "..\\src\\gestore\\Stampe.cpp" 
g++ -O0 -g3 -Wall -c -fmessage-length=0 -o "src\\menu\\Menu.o" "..\\src\\menu\\Menu.cpp" 
..\src\menu\Menu.cpp:23:6: error: multiple definition of 'enum Orario'
 enum Orario : int {
      ^~~~~~
In file included from ..\src\menu\Menu.cpp:18:0:
..\src\menu\Menu.h:25:6: note: previous definition here
 enum Orario : int{};
      ^~~~~~
..\src\menu\Menu.cpp: In member function 'std::__cxx11::string Menu::getStringFromEnum(Orario)':
..\src\menu\Menu.cpp:84:8: error: 'pranzo' is not a member of 'Orario'
  if(o==Orario::pranzo){
        ^~~~~~
..\src\menu\Menu.cpp:86:16: error: 'cena' is not a member of 'Orario'
  } else if (o==Orario::cena){
                ^~~~~~
..\src\menu\Menu.cpp:91:1: warning: control reaches end of non-void function [-Wreturn-type]
 }
 ^
17:38:47 **** Incremental Build of configuration Debug for project PA_Project_21_22 ****
Info: Internal Builder is used for build
g++ -O0 -g3 -Wall -c -fmessage-length=0 -o "src\\menu\\Menu.o" "..\\src\\menu\\Menu.cpp" 
..\src\menu\Menu.cpp:23:6: error: multiple definition of 'enum Orario'
 enum Orario : int {
      ^~~~~~
In file included from ..\src\menu\Menu.cpp:18:0:
..\src\menu\Menu.h:25:6: note: previous definition here
 enum Orario : int{};
      ^~~~~~
17:39:58 **** Incremental Build of configuration Debug for project PA_Project_21_22 ****
Info: Internal Builder is used for build
g++ -O0 -g3 -Wall -c -fmessage-length=0 -o "src\\menu\\Menu.o" "..\\src\\menu\\Menu.cpp" 
g++ -O0 -g3 -Wall -c -fmessage-length=0 -o "src\\gestore\\Gestore.o" "..\\src\\gestore\\Gestore.cpp" 
g++ -O0 -g3 -Wall -c -fmessage-length=0 -o "src\\gestore\\Stampe.o" "..\\src\\gestore\\Stampe.cpp" 
g++ -O0 -g3 -Wall -c -fmessage-length=0 -o "src\\PA_Project_21_22.o" "..\\src\\PA_Project_21_22.cpp" 
g++ -o PA_Project_21_22.exe "src\\PA_Project_21_22.o" "src\\gestore\\Gestore.o" "src\\gestore\\Stampe.o" "src\\menu\\Menu.o" "src\\menu\\MenuCompleto.o" "src\\menu\\MenuPrimo.o" "src\\menu\\MenuSecondo.o" "src\\utente\\Professore.o" "src\\utente\\Studente.o" "src\\utente\\Utente.o" 
17:57:15 **** Incremental Build of configuration Debug for project PA_Project_21_22 ****
Info: Internal Builder is used for build
g++ -O0 -g3 -Wall -c -fmessage-length=0 -o "src\\gestore\\Stampe.o" "..\\src\\gestore\\Stampe.cpp" 
g++ -O0 -g3 -Wall -c -fmessage-length=0 -o "src\\PA_Project_21_22.o" "..\\src\\PA_Project_21_22.cpp" 
g++ -O0 -g3 -Wall -c -fmessage-length=0 -o "src\\menu\\Menu.o" "..\\src\\menu\\Menu.cpp" 
..\src\menu\Menu.cpp: In function 'utente_ref get_utente()':
..\src\menu\Menu.cpp:42:9: error: invalid use of 'this' in non-member function
  return this->u;
         ^~~~
..\src\menu\Menu.cpp: In function 'void set_utente(utente_ref)':
..\src\menu\Menu.cpp:46:2: error: invalid use of 'this' in non-member function
  this->u = utente;
  ^~~~
17:57:57 **** Incremental Build of configuration Debug for project PA_Project_21_22 ****
Info: Internal Builder is used for build
g++ -O0 -g3 -Wall -c -fmessage-length=0 -o "src\\menu\\Menu.o" "..\\src\\menu\\Menu.cpp" 
g++ -O0 -g3 -Wall -c -fmessage-length=0 -o "src\\menu\\MenuPrimo.o" "..\\src\\menu\\MenuPrimo.cpp" 
g++ -O0 -g3 -Wall -c -fmessage-length=0 -o "src\\gestore\\Gestore.o" "..\\src\\gestore\\Gestore.cpp" 
g++ -o PA_Project_21_22.exe "src\\PA_Project_21_22.o" "src\\gestore\\Gestore.o" "src\\gestore\\Stampe.o" "src\\menu\\Menu.o" "src\\menu\\MenuCompleto.o" "src\\menu\\MenuPrimo.o" "src\\menu\\MenuSecondo.o" "src\\utente\\Professore.o" "src\\utente\\Studente.o" "src\\utente\\Utente.o" 
17:59:40 **** Incremental Build of configuration Debug for project PA_Project_21_22 ****
Info: Internal Builder is used for build
g++ -O0 -g3 -Wall -c -fmessage-length=0 -o "src\\gestore\\Gestore.o" "..\\src\\gestore\\Gestore.cpp" 
g++ -O0 -g3 -Wall -c -fmessage-length=0 -o "src\\menu\\Menu.o" "..\\src\\menu\\Menu.cpp" 
g++ -O0 -g3 -Wall -c -fmessage-length=0 -o "src\\PA_Project_21_22.o" "..\\src\\PA_Project_21_22.cpp" 
g++ -O0 -g3 -Wall -c -fmessage-length=0 -o "src\\gestore\\Stampe.o" "..\\src\\gestore\\Stampe.cpp" 
g++ -o PA_Project_21_22.exe "src\\PA_Project_21_22.o" "src\\gestore\\Gestore.o" "src\\gestore\\Stampe.o" "src\\menu\\Menu.o" "src\\menu\\MenuCompleto.o" "src\\menu\\MenuPrimo.o" "src\\menu\\MenuSecondo.o" "src\\utente\\Professore.o" "src\\utente\\Studente.o" "src\\utente\\Utente.o" 
18:02:53 **** Incremental Build of configuration Debug for project PA_Project_21_22 ****
Info: Internal Builder is used for build
g++ -O0 -g3 -Wall -c -fmessage-length=0 -o "src\\menu\\MenuPrimo.o" "..\\src\\menu\\MenuPrimo.cpp" 
In file included from ..\src\menu\MenuPrimo.cpp:21:0:
..\src\menu\MenuPrimo.h:31:38: error: expected class-name before '{' token
 class MenuPrimo : public virtual Menu{
                                      ^
..\src\menu\MenuPrimo.h:39:52: error: 'Orario' has not been declared
  MenuPrimo(utente_ref u, int prezzo , time_t data, Orario o, int primo, int dessert, int caffe);
                                                    ^~~~~~
..\src\menu\MenuPrimo.cpp:25:62: error: 'Orario' has not been declared
 MenuPrimo::MenuPrimo(utente_ref u, int prezzo , time_t data, Orario o, int primo, int dessert, int caffe);
                                                              ^~~~~~
..\src\menu\MenuPrimo.cpp:25:105: error: declaration of 'MenuPrimo::MenuPrimo(utente_ref, int, time_t, int, int, int, int)' outside of class is not definition [-fpermissive]
 MenuPrimo::MenuPrimo(utente_ref u, int prezzo , time_t data, Orario o, int primo, int dessert, int caffe);
                                                                                                         ^
..\src\menu\MenuPrimo.cpp:27:49: error: declaration of 'MenuPrimo::MenuPrimo(const MenuPrimo&)' outside of class is not definition [-fpermissive]
 MenuPrimo::MenuPrimo(const MenuPrimo &menu_primo);
                                                 ^
18:05:14 **** Incremental Build of configuration Debug for project PA_Project_21_22 ****
Info: Internal Builder is used for build
g++ -O0 -g3 -Wall -c -fmessage-length=0 -o "src\\gestore\\Gestore.o" "..\\src\\gestore\\Gestore.cpp" 
In file included from ..\src\gestore\Gestore.h:16:0,
                 from ..\src\gestore\Gestore.cpp:8:
..\src\gestore\../menu/MenuPrimo.h:39:58: error: 'Menu::Orario' has not been declared
  MenuPrimo(utente_ref u, int prezzo , time_t data, Menu::Orario o, int primo, int dessert, int caffe);
                                                          ^~~~~~
18:05:45 **** Incremental Build of configuration Debug for project PA_Project_21_22 ****
Info: Internal Builder is used for build
g++ -O0 -g3 -Wall -c -fmessage-length=0 -o "src\\gestore\\Stampe.o" "..\\src\\gestore\\Stampe.cpp" 
In file included from ..\src\gestore\Stampe.h:15:0,
                 from ..\src\gestore\Stampe.cpp:8:
..\src\gestore\../menu/MenuPrimo.h:39:58: error: 'Menu::Orario' has not been declared
  MenuPrimo(utente_ref u, int prezzo , time_t data, Menu::Orario o, int primo, int dessert, int caffe);
                                                          ^~~~~~
18:06:19 **** Incremental Build of configuration Debug for project PA_Project_21_22 ****
Info: Internal Builder is used for build
g++ -O0 -g3 -Wall -c -fmessage-length=0 -o "src\\menu\\MenuPrimo.o" "..\\src\\menu\\MenuPrimo.cpp" 
In file included from ..\src\menu\MenuPrimo.cpp:21:0:
..\src\menu\MenuPrimo.h:31:38: error: expected class-name before '{' token
 class MenuPrimo : public virtual Menu{
                                      ^
..\src\menu\MenuPrimo.h:39:52: error: 'Orario' has not been declared
  MenuPrimo(utente_ref u, int prezzo , time_t data, Orario o, int primo, int dessert, int caffe);
                                                    ^~~~~~
..\src\menu\MenuPrimo.cpp:25:62: error: 'Orario' has not been declared
 MenuPrimo::MenuPrimo(utente_ref u, int prezzo , time_t data, Orario o, int primo, int dessert, int caffe):
                                                              ^~~~~~
..\src\menu\MenuPrimo.cpp: In constructor 'MenuPrimo::MenuPrimo(utente_ref, int, time_t, int, int, int, int)':
..\src\menu\MenuPrimo.cpp:26:3: error: class 'MenuPrimo' does not have any field named 'Menu'
   Menu(u, prezzo, data, o){
   ^~~~
18:07:24 **** Incremental Build of configuration Debug for project PA_Project_21_22 ****
Info: Internal Builder is used for build
g++ -O0 -g3 -Wall -c -fmessage-length=0 -o "src\\gestore\\Gestore.o" "..\\src\\gestore\\Gestore.cpp" 
g++ -O0 -g3 -Wall -c -fmessage-length=0 -o "src\\PA_Project_21_22.o" "..\\src\\PA_Project_21_22.cpp" 
g++ -O0 -g3 -Wall -c -fmessage-length=0 -o "src\\gestore\\Stampe.o" "..\\src\\gestore\\Stampe.cpp" 
g++ -O0 -g3 -Wall -c -fmessage-length=0 -o "src\\menu\\MenuPrimo.o" "..\\src\\menu\\MenuPrimo.cpp" 
..\src\menu\MenuPrimo.cpp: In copy constructor 'MenuPrimo::MenuPrimo(const MenuPrimo&)':
..\src\menu\MenuPrimo.cpp:32:49: error: no matching function for call to 'Menu::Menu()'
 MenuPrimo::MenuPrimo(const MenuPrimo &menu_primo){
                                                 ^
In file included from ..\src\menu\MenuPrimo.h:23:0,
                 from ..\src\menu\MenuPrimo.cpp:21:
..\src\menu\Menu.h:42:2: note: candidate: Menu::Menu(const Menu&)
  Menu(const Menu &menu);
  ^~~~
..\src\menu\Menu.h:42:2: note:   candidate expects 1 argument, 0 provided
..\src\menu\Menu.h:40:2: note: candidate: Menu::Menu(utente_ref, int, time_t, Orario)
  Menu(utente_ref u, int prezzo , time_t data, Orario o);
  ^~~~
..\src\menu\Menu.h:40:2: note:   candidate expects 4 arguments, 0 provided
18:12:19 **** Incremental Build of configuration Debug for project PA_Project_21_22 ****
Info: Internal Builder is used for build
g++ -O0 -g3 -Wall -c -fmessage-length=0 -o "src\\menu\\MenuPrimo.o" "..\\src\\menu\\MenuPrimo.cpp" 
..\src\menu\MenuPrimo.cpp: In copy constructor 'MenuPrimo::MenuPrimo(const MenuPrimo&)':
..\src\menu\MenuPrimo.cpp:44:49: error: no matching function for call to 'Menu::Menu()'
 MenuPrimo::MenuPrimo(const MenuPrimo &menu_primo){
                                                 ^
In file included from ..\src\menu\MenuPrimo.h:23:0,
                 from ..\src\menu\MenuPrimo.cpp:21:
..\src\menu\Menu.h:42:2: note: candidate: Menu::Menu(const Menu&)
  Menu(const Menu &menu);
  ^~~~
..\src\menu\Menu.h:42:2: note:   candidate expects 1 argument, 0 provided
..\src\menu\Menu.h:40:2: note: candidate: Menu::Menu(utente_ref, int, time_t, Orario)
  Menu(utente_ref u, int prezzo , time_t data, Orario o);
  ^~~~
..\src\menu\Menu.h:40:2: note:   candidate expects 4 arguments, 0 provided
18:15:25 **** Incremental Build of configuration Debug for project PA_Project_21_22 ****
Info: Internal Builder is used for build
g++ -O0 -g3 -Wall -c -fmessage-length=0 -o "src\\gestore\\Stampe.o" "..\\src\\gestore\\Stampe.cpp" 
g++ -O0 -g3 -Wall -c -fmessage-length=0 -o "src\\PA_Project_21_22.o" "..\\src\\PA_Project_21_22.cpp" 
g++ -O0 -g3 -Wall -c -fmessage-length=0 -o "src\\menu\\MenuPrimo.o" "..\\src\\menu\\MenuPrimo.cpp" 
g++ -O0 -g3 -Wall -c -fmessage-length=0 -o "src\\gestore\\Gestore.o" "..\\src\\gestore\\Gestore.cpp" 
g++ -o PA_Project_21_22.exe "src\\PA_Project_21_22.o" "src\\gestore\\Gestore.o" "src\\gestore\\Stampe.o" "src\\menu\\Menu.o" "src\\menu\\MenuCompleto.o" "src\\menu\\MenuPrimo.o" "src\\menu\\MenuSecondo.o" "src\\utente\\Professore.o" "src\\utente\\Studente.o" "src\\utente\\Utente.o" 
18:18:59 **** Incremental Build of configuration Debug for project PA_Project_21_22 ****
Info: Internal Builder is used for build
g++ -O0 -g3 -Wall -c -fmessage-length=0 -o "src\\PA_Project_21_22.o" "..\\src\\PA_Project_21_22.cpp" 
g++ -O0 -g3 -Wall -c -fmessage-length=0 -o "src\\gestore\\Stampe.o" "..\\src\\gestore\\Stampe.cpp" 
g++ -O0 -g3 -Wall -c -fmessage-length=0 -o "src\\gestore\\Gestore.o" "..\\src\\gestore\\Gestore.cpp" 
g++ -o PA_Project_21_22.exe "src\\PA_Project_21_22.o" "src\\gestore\\Gestore.o" "src\\gestore\\Stampe.o" "src\\menu\\Menu.o" "src\\menu\\MenuCompleto.o" "src\\menu\\MenuPrimo.o" "src\\menu\\MenuSecondo.o" "src\\utente\\Professore.o" "src\\utente\\Studente.o" "src\\utente\\Utente.o" 
18:20:45 **** Incremental Build of configuration Debug for project PA_Project_21_22 ****
Info: Internal Builder is used for build
g++ -O0 -g3 -Wall -c -fmessage-length=0 -o "src\\menu\\MenuSecondo.o" "..\\src\\menu\\MenuSecondo.cpp" 
In file included from ..\src\menu\MenuSecondo.cpp:21:0:
..\src\menu\MenuSecondo.h:50:20: error: 'MenuPrimo' was not declared in this scope
 typedef shared_ptr<MenuPrimo> menu_secondo_ref;
                    ^~~~~~~~~
..\src\menu\MenuSecondo.h:50:29: error: template argument 1 is invalid
 typedef shared_ptr<MenuPrimo> menu_secondo_ref;
                             ^
..\src\menu\MenuSecondo.cpp:56:1: error: 'MenuPrimo' does not name a type
 MenuPrimo::~MenuSecondo(){
 ^~~~~~~~~
18:20:54 **** Incremental Build of configuration Debug for project PA_Project_21_22 ****
Info: Internal Builder is used for build
g++ -O0 -g3 -Wall -c -fmessage-length=0 -o "src\\menu\\MenuSecondo.o" "..\\src\\menu\\MenuSecondo.cpp" 
In file included from ..\src\menu\MenuSecondo.cpp:21:0:
..\src\menu\MenuSecondo.h:50:20: error: 'MenuPrimo' was not declared in this scope
 typedef shared_ptr<MenuPrimo> menu_secondo_ref;
                    ^~~~~~~~~
..\src\menu\MenuSecondo.h:50:29: error: template argument 1 is invalid
 typedef shared_ptr<MenuPrimo> menu_secondo_ref;
                             ^
18:21:06 **** Incremental Build of configuration Debug for project PA_Project_21_22 ****
Info: Internal Builder is used for build
g++ -O0 -g3 -Wall -c -fmessage-length=0 -o "src\\PA_Project_21_22.o" "..\\src\\PA_Project_21_22.cpp" 
g++ -O0 -g3 -Wall -c -fmessage-length=0 -o "src\\gestore\\Stampe.o" "..\\src\\gestore\\Stampe.cpp" 
g++ -O0 -g3 -Wall -c -fmessage-length=0 -o "src\\gestore\\Gestore.o" "..\\src\\gestore\\Gestore.cpp" 
g++ -O0 -g3 -Wall -c -fmessage-length=0 -o "src\\menu\\MenuSecondo.o" "..\\src\\menu\\MenuSecondo.cpp" 
g++ -o PA_Project_21_22.exe "src\\PA_Project_21_22.o" "src\\gestore\\Gestore.o" "src\\gestore\\Stampe.o" "src\\menu\\Menu.o" "src\\menu\\MenuCompleto.o" "src\\menu\\MenuPrimo.o" "src\\menu\\MenuSecondo.o" "src\\utente\\Professore.o" "src\\utente\\Studente.o" "src\\utente\\Utente.o" 
Info: Nothing to build for PA_Project_21_22
